<?xml version="1.0" encoding="UTF-8"?>
<testng-results skipped="0" failed="0" ignored="0" total="1" passed="1">
  <reporter-output>
  </reporter-output>
  <suite name="Default suite" duration-ms="12451" started-at="2018-09-09T07:55:47Z" finished-at="2018-09-09T07:55:59Z">
    <groups>
    </groups>
    <test name="Default test" duration-ms="12451" started-at="2018-09-09T07:55:47Z" finished-at="2018-09-09T07:55:59Z">
      <class name="com.testing.google.TestingClass">
        <test-method status="PASS" signature="launchBrowser()[pri:0, instance:com.testing.google.TestingClass@d54d]" name="launchBrowser" duration-ms="12225" started-at="2018-09-09T07:55:47Z" finished-at="2018-09-09T07:55:59Z">
          <reporter-output>
          </reporter-output>
        </test-method> <!-- launchBrowser -->
      </class> <!-- com.testing.google.TestingClass -->
    </test> <!-- Default test -->
  </suite> <!-- Default suite -->
</testng-results>
